<?xml version="1.0" encoding="UTF-8"?>
<!-- Generated by org.testng.reporters.JUnitReportReporter -->
<testsuite hostname="DESKTOP-7AMV26T" failures="0" tests="1" name="Day49_testCases.TC001_AccountRegistrationTest" time="4.091" errors="0" timestamp="2024-08-28T22:35:43 IST" skipped="0">
  <testcase classname="Day49_testCases.TC001_AccountRegistrationTest" name="verify_registration" time="4.091"/>
  <system-out/>
</testsuite> <!-- Day49_testCases.TC001_AccountRegistrationTest -->
