<?xml version="1.0" encoding="UTF-8"?>
<!-- Generated by org.testng.reporters.JUnitReportReporter -->
<testsuite hostname="DESKTOP-7AMV26T" failures="0" tests="3" name="Day44.LoginTest" time="0.029" errors="0" timestamp="2024-07-06T13:43:42 IST" skipped="0">
  <testcase classname="Day44.LoginTest" name="loginByEmail" time="0.023"/>
  <system-out/>
  <testcase classname="Day44.LoginTest" name="loginByFacebook" time="0.003"/>
  <system-out/>
  <testcase classname="Day44.LoginTest" name="loginBytwitter" time="0.003"/>
  <system-out/>
</testsuite> <!-- Day44.LoginTest -->
