<?xml version="1.0" encoding="UTF-8"?>
<!-- Generated by org.testng.reporters.JUnitReportReporter -->
<testsuite hostname="DESKTOP-7AMV26T" failures="0" tests="2" name="Day44.PaymentTest" time="0.028" errors="0" timestamp="2024-07-06T13:49:05 IST" skipped="0">
  <testcase classname="Day44.PaymentTest" name="PaymentRupee" time="0.022"/>
  <system-out/>
  <testcase classname="Day44.PaymentTest" name="PaymentDoller" time="0.006"/>
  <system-out/>
</testsuite> <!-- Day44.PaymentTest -->
