<?xml version="1.0" encoding="UTF-8"?>
<!-- Generated by org.testng.reporters.JUnitReportReporter -->
<testsuite hostname="DESKTOP-7AMV26T" failures="0" tests="2" name="Day43pack.C2" time="0.008" errors="0" timestamp="2024-07-01T13:36:06 IST" skipped="0">
  <testcase classname="Day43pack.C2" name="xyz" time="0.002"/>
  <system-out/>
  <testcase classname="Day43pack.C2" name="xyz" time="0.006"/>
  <system-out/>
</testsuite> <!-- Day43pack.C2 -->
