<?xml version="1.0" encoding="UTF-8"?>
<!-- Generated by org.testng.reporters.JUnitReportReporter -->
<testsuite hostname="DESKTOP-7AMV26T" failures="0" tests="2" name="Day43.AllAnnotation" time="0.039" errors="0" timestamp="2024-07-01T13:49:05 IST" skipped="0">
  <testcase classname="Day43.AllAnnotation" name="tm2" time="0.013"/>
  <system-out/>
  <testcase classname="Day43.AllAnnotation" name="tm1" time="0.026"/>
  <system-out/>
</testsuite> <!-- Day43.AllAnnotation -->
