<?xml version="1.0" encoding="UTF-8"?>
<!-- Generated by org.testng.reporters.JUnitReportReporter -->
<testsuite hostname="DESKTOP-7AMV26T" failures="0" tests="4" name="Day42.OrageHRMTest" time="17.531" errors="0" timestamp="2024-06-27T13:12:19 IST" skipped="0">
  <testcase classname="Day42.OrageHRMTest" name="openapp" time="12.675"/>
  <system-out/>
  <testcase classname="Day42.OrageHRMTest" name="testLogo" time="0.906"/>
  <system-out/>
  <testcase classname="Day42.OrageHRMTest" name="testLogin" time="0.531"/>
  <system-out/>
  <testcase classname="Day42.OrageHRMTest" name="testLogout" time="3.419"/>
  <system-out/>
</testsuite> <!-- Day42.OrageHRMTest -->
