<?xml version="1.0" encoding="UTF-8"?>
<!-- Generated by org.testng.reporters.JUnitReportReporter -->
<testsuite hostname="DESKTOP-7AMV26T" failures="0" tests="3" name="Day44.SignupTest" time="0.009" errors="0" timestamp="2024-07-06T13:35:49 IST" skipped="0">
  <testcase classname="Day44.SignupTest" name="singByEmail" time="0.003"/>
  <system-out/>
  <testcase classname="Day44.SignupTest" name="singByFacebook" time="0.004"/>
  <system-out/>
  <testcase classname="Day44.SignupTest" name="singBytwitter" time="0.002"/>
  <system-out/>
</testsuite> <!-- Day44.SignupTest -->
