<?xml version="1.0" encoding="UTF-8"?>
<!-- Generated by org.testng.reporters.JUnitReportReporter -->
<testsuite hostname="DESKTOP-7AMV26T" failures="0" tests="2" name="Day43.AnnotationDemo1" time="0.034" errors="0" timestamp="2024-07-01T10:24:31 IST" skipped="0">
  <testcase classname="Day43.AnnotationDemo1" name="search" time="0.028"/>
  <system-out/>
  <testcase classname="Day43.AnnotationDemo1" name="advancesearch" time="0.006"/>
  <system-out/>
</testsuite> <!-- Day43.AnnotationDemo1 -->
