<?xml version="1.0" encoding="UTF-8"?>
<!-- Generated by org.testng.reporters.JUnitReportReporter -->
<testsuite hostname="DESKTOP-7AMV26T" failures="0" tests="1" name="Day47.LoginTest" time="1.142" errors="0" timestamp="2024-07-15T13:23:58 IST" skipped="0">
  <testcase classname="Day47.LoginTest" name="logTest" time="1.142"/>
  <system-out/>
</testsuite> <!-- Day47.LoginTest -->
