<?xml version="1.0" encoding="UTF-8"?>
<!-- Generated by org.testng.reporters.JUnitReportReporter -->
<testsuite hostname="DESKTOP-7AMV26T" failures="0" tests="3" name="Day42.firstTestNG" time="0.015" errors="0" timestamp="2024-06-27T13:12:19 IST" skipped="0">
  <testcase classname="Day42.firstTestNG" name="openapp" time="0.004"/>
  <system-out/>
  <testcase classname="Day42.firstTestNG" name="login" time="0.003"/>
  <system-out/>
  <testcase classname="Day42.firstTestNG" name="logout" time="0.008"/>
  <system-out/>
</testsuite> <!-- Day42.firstTestNG -->
