<?xml version="1.0" encoding="UTF-8"?>
<!-- Generated by org.testng.reporters.JUnitReportReporter -->
<testsuite hostname="DESKTOP-7AMV26T" failures="0" tests="2" name="Day43pack.C3" time="0.014" errors="0" timestamp="2024-07-01T13:36:06 IST" skipped="0">
  <testcase classname="Day43pack.C3" name="pqr" time="0.003"/>
  <system-out/>
  <testcase classname="Day43pack.C3" name="pqr" time="0.011"/>
  <system-out/>
</testsuite> <!-- Day43pack.C3 -->
