<?xml version="1.0" encoding="UTF-8"?>
<!-- Generated by org.testng.reporters.JUnitReportReporter -->
<testsuite hostname="DESKTOP-7AMV26T" failures="0" tests="4" name="Day49_testCases.TC003_LoginDDT" time="37.485" errors="0" timestamp="2024-08-09T15:51:10 IST" skipped="0">
  <testcase classname="Day49_testCases.TC003_LoginDDT" name="verify_loginDDT" time="11.771"/>
  <system-out/>
  <testcase classname="Day49_testCases.TC003_LoginDDT" name="verify_loginDDT" time="11.169"/>
  <system-out/>
  <testcase classname="Day49_testCases.TC003_LoginDDT" name="verify_loginDDT" time="2.218"/>
  <system-out/>
  <testcase classname="Day49_testCases.TC003_LoginDDT" name="verify_loginDDT" time="12.327"/>
  <system-out/>
</testsuite> <!-- Day49_testCases.TC003_LoginDDT -->
