<?xml version="1.0" encoding="UTF-8"?>
<!-- Generated by org.testng.reporters.JUnitReportReporter -->
<testsuite hostname="DESKTOP-7AMV26T" failures="0" tests="1" name="Day43.AssertionDemo" time="0.024" errors="0" timestamp="2024-07-01T14:53:17 IST" skipped="0">
  <testcase classname="Day43.AssertionDemo" name="testTitle" time="0.024"/>
  <system-out/>
</testsuite> <!-- Day43.AssertionDemo -->
