<?xml version="1.0" encoding="UTF-8"?>
<!-- Generated by org.testng.reporters.JUnitReportReporter -->
<testsuite hostname="DESKTOP-7AMV26T" failures="0" tests="2" name="Day43.AnotationDemo2" time="0.018" errors="0" timestamp="2024-07-01T13:06:13 IST" skipped="0">
  <testcase classname="Day43.AnotationDemo2" name="search" time="0.015"/>
  <system-out/>
  <testcase classname="Day43.AnotationDemo2" name="advancesearch" time="0.003"/>
  <system-out/>
</testsuite> <!-- Day43.AnotationDemo2 -->
