<?xml version="1.0" encoding="UTF-8"?>
<!-- Generated by org.testng.reporters.JUnitReportReporter -->
<testsuite hostname="DESKTOP-7AMV26T" failures="0" tests="9" name="Day45.ParamTest" time="1.011" errors="0" timestamp="2024-07-10T12:19:48 IST" skipped="0">
  <testcase classname="Day45.ParamTest" name="testLogo" time="0.226"/>
  <system-out/>
  <testcase classname="Day45.ParamTest" name="testLogo" time="0.064"/>
  <system-out/>
  <testcase classname="Day45.ParamTest" name="testLogo" time="0.506"/>
  <system-out/>
  <testcase classname="Day45.ParamTest" name="testTitile" time="0.011"/>
  <system-out/>
  <testcase classname="Day45.ParamTest" name="testTitile" time="0.064"/>
  <system-out/>
  <testcase classname="Day45.ParamTest" name="testTitile" time="0.057"/>
  <system-out/>
  <testcase classname="Day45.ParamTest" name="testURL" time="0.034"/>
  <system-out/>
  <testcase classname="Day45.ParamTest" name="testURL" time="0.009"/>
  <system-out/>
  <testcase classname="Day45.ParamTest" name="testURL" time="0.040"/>
  <system-out/>
</testsuite> <!-- Day45.ParamTest -->
