<?xml version="1.0" encoding="UTF-8"?>
<!-- Generated by org.testng.reporters.JUnitReportReporter -->
<testsuite hostname="DESKTOP-7AMV26T" failures="0" tests="1" name="Day49_testCases.TC002_LoginTest" time="6.417" errors="0" timestamp="2024-08-31T11:11:09 IST" skipped="0">
  <testcase classname="Day49_testCases.TC002_LoginTest" name="verify_login" time="6.417"/>
  <system-out/>
</testsuite> <!-- Day49_testCases.TC002_LoginTest -->
